<?xml version="1.0" encoding="UTF-8"?>
<!-- Generated by org.testng.reporters.JUnitReportReporter -->
<testsuite skipped="0" hostname="DESKTOP-TBTFELJ" name="com.testcaseexecution.TestRunner" tests="1" failures="0" timestamp="29 May 2019 15:04:30 GMT" time="173.583" errors="0">
  <testcase name="baseexecution" time="173.583" classname="com.testcaseexecution.TestRunner"/>
</testsuite> <!-- com.testcaseexecution.TestRunner -->
