<?xml version="1.0" encoding="UTF-8"?>
<!-- Generated by org.testng.reporters.JUnitReportReporter -->
<testsuite skipped="0" hostname="DESKTOP-TBTFELJ" name="com.testcaseexecution.TestRunner" tests="1" failures="0" timestamp="28 May 2019 18:26:25 GMT" time="95.790" errors="0">
  <testcase name="baseexecution" time="95.790" classname="com.testcaseexecution.TestRunner"/>
</testsuite> <!-- com.testcaseexecution.TestRunner -->
