<?xml version="1.0" encoding="UTF-8"?>
<!-- Generated by org.testng.reporters.JUnitReportReporter -->
<testsuite skipped="0" hostname="DESKTOP-TBTFELJ" name="com.testcaseexecution.TestRunner" tests="1" failures="0" timestamp="31 May 2019 11:50:09 GMT" time="39.430" errors="0">
  <testcase name="baseexecution" time="39.430" classname="com.testcaseexecution.TestRunner"/>
</testsuite> <!-- com.testcaseexecution.TestRunner -->
