<?xml version="1.0" encoding="UTF-8"?>
<!-- Generated by org.testng.reporters.JUnitReportReporter -->
<testsuite skipped="0" hostname="DESKTOP-TBTFELJ" name="com.testcaseexecution.TestRunner" tests="1" failures="0" timestamp="29 May 2019 11:01:59 GMT" time="136.395" errors="0">
  <testcase name="baseexecution" time="136.395" classname="com.testcaseexecution.TestRunner"/>
</testsuite> <!-- com.testcaseexecution.TestRunner -->
