<?xml version="1.0" encoding="UTF-8"?>
<!-- Generated by org.testng.reporters.JUnitReportReporter -->
<testsuite skipped="0" hostname="DESKTOP-TBTFELJ" name="com.testcaseexecution.TestRunner" tests="1" failures="0" timestamp="24 May 2019 13:19:37 GMT" time="228.172" errors="0">
  <testcase name="baseexecution" time="228.172" classname="com.testcaseexecution.TestRunner"/>
</testsuite> <!-- com.testcaseexecution.TestRunner -->
